
=========== ERR_FATAL REPORT =========
^1D^7estroyer_w^7 ate aceke^7's rocket
nobywooby^7 almost dodged ^3Don^6Corleone^121^7^7's rocket
_^1mas^7^7 ate aceke^7's rocket
^3Don^6Corleone^121^7^7 ate ^1goodsoday^7^7's rocket
^1D^7estroyer_w^7 was gunned down by ^1goodsoday^7^7
^1goodsoday^7^7 was melted by ^3Don^6Corleone^121^7^7's plasmagun
^15^73^155^710^7 almost dodged ^1D^7estroyer_w^7's rocket
^1D^7estroyer_w^7 was railed by ^15^73^155^710^7
nobywooby^7 almost dodged ^3Don^6Corleone^121^7^7's rocket
^3Don^6Corleone^121^7^7 blew himself up.
^2Totalex^7^7 almost dodged ^1goodsoday^7^7's rocket
^15^73^155^710^7 tried to invade nobywooby^7's personal space
^1alt^5f4^3to^4win^7^7 was gunned down by sulsu^7
sulsu^7 was railed by aceke^7
nobywooby^7 almost dodged sulsu^7's rocket
^1D^7estroyer_w^7 almost dodged ^1goodsoday^7^7's rocket
^1D^7estroyer_w^7 almost dodged nobywooby^7's rocket
nobywooby^7 ate ^1D^7estroyer_w^7's rocket
aceke^7 ate ^3Don^6Corleone^121^7^7's rocket
^1alt^5f4^3to^4win^7^7 was gunned down by sulsu^7
^3Don^6Corleone^121^7^7 was gunned down by ^15^73^155^710^7
^15^73^155^710^7 almost dodged _^1mas^7^7's rocket
^1D^7estroyer_w^7 almost dodged ^1goodsoday^7^7's rocket
^15^73^155^710^7 ate ^2Totalex^7^7's rocket
^1alt^5f4^3to^4win^7^7 almost dodged ^3Don^6Corleone^121^7^7's rocket
sulsu^7 was gunned down by aceke^7
aceke^7 ate ^3Don^6Corleone^121^7^7's rocket
nobywooby^7 was gunned down by ^2Totalex^7^7
^1alt^5f4^3to^4win^7^7 almost dodged sulsu^7's rocket
sulsu^7 almost dodged aceke^7's rocket
^15^73^155^710^7 almost dodged sulsu^7's rocket
Disconnected from server